/bin/sh: /Users/yannickkayser/Uni/Master/Semester_3/Dashboard_Project/scripts/run_pipeline.sh: No such file or directory
/Users/yannickkayser/Uni/Master/Semester_3/Dashboard_Project/scripts/run_pipeline.sh: line 8: /Users/yannickkayser/virtualenvs/Dashboard_Project-_hGijfcO/bin/activate: No such file or directory
/Users/yannickkayser/Uni/Master/Semester_3/Dashboard_Project/scripts/run_pipeline.sh: line 8: /Users/yannickkayser/virtualenvs/Dashboard_Project-_hGijfcO: No such file or directory
/Users/yannickkayser/Uni/Master/Semester_3/Dashboard_Project/scripts/run_pipeline.sh: line 8: /Users/yannickkayser/virtualenvs/Dashboard_Project-_hGijfcO: No such file or directory
/Users/yannickkayser/Uni/Master/Semester_3/Dashboard_Project/scripts/run_pipeline.sh: line 8: /Users/yannickkayser/virtualenvs/Dashboard_Project-_hGijfcO: No such file or directory
/Users/yannickkayser/Uni/Master/Semester_3/Dashboard_Project/scripts/run_pipeline.sh: line 8: /Users/yannickkayser/virtualenvs/Dashboard_Project-_hGijfcO: No such file or directory
/Users/yannickkayser/Uni/Master/Semester_3/Dashboard_Project/scripts/run_pipeline.sh: line 8: /Users/yannickkayser/virtualenvs/Dashboard_Project-_hGijfcO: No such file or directory
/Users/yannickkayser/Uni/Master/Semester_3/Dashboard_Project/scripts/run_pipeline.sh: line 8: /Users/yannickkayser/virtualenvs/Dashboard_Project-_hGijfcO: No such file or directory
/Users/yannickkayser/Uni/Master/Semester_3/Dashboard_Project/scripts/run_pipeline.sh: line 8: /Users/yannickkayser/virtualenvs/Dashboard_Project-_hGijfcO: No such file or directory
/Users/yannickkayser/Uni/Master/Semester_3/Dashboard_Project/scripts/run_pipeline.sh: line 8: /Users/yannickkayser/virtualenvs/Dashboard_Project-_hGijfcO: No such file or directory
/Users/yannickkayser/Uni/Master/Semester_3/Dashboard_Project/scripts/run_pipeline.sh: line 8: /Users/yannickkayser/virtualenvs/Dashboard_Project-_hGijfcO: No such file or directory
/Users/yannickkayser/Uni/Master/Semester_3/Dashboard_Project/scripts/run_pipeline.sh: line 8: /Users/yannickkayser/virtualenvs/Dashboard_Project-_hGijfcO: No such file or directory
/Users/yannickkayser/Uni/Master/Semester_3/Dashboard_Project/scripts/run_pipeline.sh: line 8: /Users/yannickkayser/virtualenvs/Dashboard_Project-_hGijfcO: No such file or directory
/Users/yannickkayser/Uni/Master/Semester_3/Dashboard_Project/scripts/run_pipeline.sh: line 8: /Users/yannickkayser/virtualenvs/Dashboard_Project-_hGijfcO: No such file or directory
/Users/yannickkayser/Uni/Master/Semester_3/Dashboard_Project/scripts/run_pipeline.sh: line 8: /Users/yannickkayser/venv/Dashboard_Project-_hGijfcO: No such file or directory
/Users/yannickkayser/Uni/Master/Semester_3/Dashboard_Project/scripts/run_pipeline.sh: line 8: /Users/yannickkayser/Uni/Master/Semester_3/Dashboard/venv/Dashboard_Project-_hGijfcO: No such file or directory
/Users/yannickkayser/Uni/Master/Semester_3/Dashboard_Project/scripts/run_pipeline.sh: line 8: /Users/yannickkayser/Uni/Master/Semester_3/Dashboard_Project/venv/Dashboard_Project-_hGijfcO: No such file or directory
/Users/yannickkayser/Uni/Master/Semester_3/Dashboard_Project/scripts/run_pipeline.sh: line 8: /Users/yannickkayser/Uni/Master/Semester_3/Dashboard_Project/venv/Dashboard_Project-_hGijfcO: No such file or directory
/Users/yannickkayser/Uni/Master/Semester_3/Dashboard_Project/scripts/run_pipeline.sh: line 8: /Users/yannickkayser/Uni/Master/Semester_3/Dashboard_Project/venv/Dashboard_Project-_hGijfcO: No such file or directory
/Users/yannickkayser/Uni/Master/Semester_3/Dashboard_Project/scripts/run_pipeline.sh: line 8: /Users/yannickkayser/Uni/Master/Semester_3/Dashboard_Project/venv/Dashboard_Project-_hGijfcO: No such file or directory
/Users/yannickkayser/Uni/Master/Semester_3/Dashboard_Project/scripts/run_pipeline.sh: line 8: /Users/yannickkayser/Uni/Master/Semester_3/Dashboard_Project/venv/Dashboard_Project-_hGijfcO: No such file or directory
/Users/yannickkayser/Uni/Master/Semester_3/Dashboard_Project/scripts/run_pipeline.sh: line 8: /Users/yannickkayser/Uni/Master/Semester_3/Dashboard_Project/venv/Dashboard_Project-_hGijfcO: No such file or directory
/Users/yannickkayser/Uni/Master/Semester_3/Dashboard_Project/scripts/run_pipeline.sh: line 8: /Users/yannickkayser/Uni/Master/Semester_3/Dashboard_Project/venv/Dashboard_Project-_hGijfcO: No such file or directory
/Users/yannickkayser/Uni/Master/Semester_3/Dashboard_Project/scripts/run_pipeline.sh: line 8: /Users/yannickkayser/Uni/Master/Semester_3/Dashboard_Project/venv/Dashboard_Project-_hGijfcO: No such file or directory
/Users/yannickkayser/Uni/Master/Semester_3/Dashboard_Project/scripts/run_pipeline.sh: line 8: /Users/yannickkayser/Uni/Master/Semester_3/Dashboard_Project/venv/Dashboard_Project-_hGijfcO: No such file or directory
/Users/yannickkayser/Uni/Master/Semester_3/Dashboard_Project/scripts/run_pipeline.sh: line 8: /Users/yannickkayser/Uni/Master/Semester_3/Dashboard_Project/venv/Dashboard_Project-_hGijfcO: No such file or directory
/Users/yannickkayser/Uni/Master/Semester_3/Dashboard_Project/scripts/run_pipeline.sh: line 8: /Users/yannickkayser/Uni/Master/Semester_3/Dashboard_Project/venv/Dashboard_Project-_hGijfcO: No such file or directory
/Users/yannickkayser/Uni/Master/Semester_3/Dashboard_Project/scripts/run_pipeline.sh: line 8: /Users/yannickkayser/Uni/Master/Semester_3/Dashboard_Project/venv/Dashboard_Project-_hGijfcO: No such file or directory
/Users/yannickkayser/Uni/Master/Semester_3/Dashboard_Project/scripts/run_pipeline.sh: line 8: /Users/yannickkayser/Uni/Master/Semester_3/Dashboard_Project/venv/Dashboard_Project-_hGijfcO: No such file or directory
/Users/yannickkayser/Uni/Master/Semester_3/Dashboard_Project/scripts/run_pipeline.sh: line 8: /Users/yannickkayser/Uni/Master/Semester_3/Dashboard_Project/venv/Dashboard_Project-_hGijfcO: No such file or directory
/Users/yannickkayser/Uni/Master/Semester_3/Dashboard_Project/scripts/run_pipeline.sh: line 8: /Users/yannickkayser/Uni/Master/Semester_3/Dashboard_Project/venv/Dashboard_Project-_hGijfcO: No such file or directory
/Users/yannickkayser/Uni/Master/Semester_3/Dashboard_Project/scripts/run_pipeline.sh: line 8: /Users/yannickkayser/Uni/Master/Semester_3/Dashboard_Project/venv/Dashboard_Project-_hGijfcO: No such file or directory
/Users/yannickkayser/Uni/Master/Semester_3/Dashboard_Project/scripts/run_pipeline.sh: line 8: /Users/yannickkayser/Uni/Master/Semester_3/Dashboard_Project/venv/Dashboard_Project-_hGijfcO: No such file or directory
